{"level":"error","message":"{\"status\":500}","service":"smoke-signal-service","time":"2022-03-14T06:16:15.814Z"}
{"level":"error","message":"{\"status\":500}","service":"smoke-signal-service","time":"2022-03-14T06:23:09.252Z"}
{"level":"error","message":"{\"status\":500}","service":"smoke-signal-service","time":"2022-03-14T06:23:36.688Z"}
{"level":"error","message":"{\"status\":500}","service":"smoke-signal-service","time":"2022-03-14T06:24:40.955Z"}
{"level":"error","message":"{\"status\":500}","service":"smoke-signal-service","time":"2022-03-14T06:30:35.541Z"}
{"level":"error","message":"{\"status\":500}","service":"smoke-signal-service","time":"2022-03-14T15:51:13.586Z"}
{"level":"error","message":"{\"status\":500}","service":"smoke-signal-service","time":"2022-03-14T15:57:27.046Z"}
{"level":"error","message":"{\"status\":500}","service":"smoke-signal-service","time":"2022-03-14T15:57:27.046Z"}
{"level":"error","message":"{\"status\":500}","service":"smoke-signal-service","time":"2022-03-14T15:59:48.833Z"}
{"level":"error","message":"{\"status\":500}","service":"smoke-signal-service","time":"2022-03-14T16:07:54.381Z"}
{"level":"error","message":"{\"status\":500}","service":"smoke-signal-service","time":"2022-03-14T16:08:23.484Z"}
{"level":"error","message":"{\"status\":404}","service":"smoke-signal-service","time":"2022-03-14T17:33:47.433Z"}
{"level":"error","message":"{\"status\":404}","service":"smoke-signal-service","time":"2022-03-14T19:30:13.957Z"}
{"level":"error","message":"{\"status\":500}","service":"smoke-signal-service","time":"2022-03-14T19:33:36.583Z"}
{"level":"error","message":"{\"status\":500}","service":"smoke-signal-service","time":"2022-03-14T19:35:32.179Z"}
{"level":"error","message":"{\"status\":500}","service":"smoke-signal-service","time":"2022-03-14T19:35:32.179Z"}
{"level":"error","message":"{\"status\":404,\"message\":\"Route Not Found\"}","service":"smoke-signal-service","time":"2022-03-20T14:27:16.419Z"}
{"level":"error","message":"{\"status\":500}","service":"smoke-signal-service","time":"2022-03-20T14:27:16.419Z"}
{"level":"error","message":"{\"status\":500}","service":"smoke-signal-service","time":"2022-03-20T14:32:40.080Z"}
{"level":"error","message":"{\"status\":500}","service":"smoke-signal-service","time":"2022-03-20T14:32:40.080Z"}
{"level":"error","message":"{\"status\":500}","service":"smoke-signal-service","time":"2022-03-20T14:32:59.930Z"}
{"level":"error","message":"{\"status\":500}","service":"smoke-signal-service","time":"2022-03-20T14:33:13.535Z"}
{"level":"error","message":"{\"status\":500}","service":"smoke-signal-service","time":"2022-03-20T14:34:22.610Z"}
{"level":"error","message":"{\"status\":500}","service":"smoke-signal-service","time":"2022-03-20T14:34:22.610Z"}
{"level":"error","message":"{\"status\":500}","service":"smoke-signal-service","time":"2022-03-20T14:34:22.610Z"}
{"level":"error","message":"{\"status\":500}","service":"smoke-signal-service","time":"2022-03-20T14:34:22.610Z"}
{"level":"error","message":"{\"status\":500}","service":"smoke-signal-service","time":"2022-03-20T14:37:07.238Z"}
{"level":"error","message":"{\"status\":500}","service":"smoke-signal-service","time":"2022-03-20T14:37:17.632Z"}
{"level":"error","message":"{\"status\":500}","service":"smoke-signal-service","time":"2022-03-20T14:37:35.094Z"}
{"level":"error","message":"{\"status\":500,\"message\":\"not\"}","service":"smoke-signal-service","time":"2022-03-20T14:37:46.271Z"}
{"level":"error","message":"{\"status\":500,\"message\":\"No Code Found\"}","service":"smoke-signal-service","time":"2022-03-20T14:39:36.151Z"}
{"level":"error","message":"{\"status\":500,\"message\":\"No Code Found\"}","service":"smoke-signal-service","time":"2022-03-20T14:40:04.657Z"}
{"level":"error","message":"{\"status\":404,\"message\":\"Route Not Found\"}","service":"smoke-signal-service","time":"2022-03-20T14:40:23.620Z"}
{"level":"error","message":"{\"status\":500,\"message\":\"next is not a function\"}","service":"smoke-signal-service","time":"2022-03-24T06:18:54.766Z"}
{"level":"error","message":"{\"status\":500,\"message\":\"Cannot populate path `classmodels.teacherId` because it is not in your schema. Set the `strictPopulate` option to false to override.\"}","service":"smoke-signal-service","time":"2022-03-24T06:20:26.817Z"}
{"level":"error","message":"{\"status\":500}","service":"smoke-signal-service","time":"2022-03-24T06:35:30.078Z"}
{"level":"error","message":"{\"status\":500,\"message\":\"Cannot populate path `classmodels.teacherId` because it is not in your schema. Set the `strictPopulate` option to false to override.\"}","service":"smoke-signal-service","time":"2022-03-26T16:00:24.306Z"}
{"level":"error","message":"{\"status\":500,\"message\":\"Cannot populate path `classmodels.teacherId` because it is not in your schema. Set the `strictPopulate` option to false to override.\"}","service":"smoke-signal-service","time":"2022-03-26T16:01:03.645Z"}
{"level":"error","message":"{\"status\":500,\"message\":\"Cannot populate path `classmodels.teacherId` because it is not in your schema. Set the `strictPopulate` option to false to override.\"}","service":"smoke-signal-service","time":"2022-03-26T16:01:03.645Z"}
{"level":"error","message":"{\"status\":500,\"message\":\"Cannot populate path `classmodels.teacherId` because it is not in your schema. Set the `strictPopulate` option to false to override.\"}","service":"smoke-signal-service","time":"2022-03-26T16:01:40.928Z"}
{"level":"error","message":"{\"status\":404,\"message\":\"Route Not Found\"}","service":"smoke-signal-service","time":"2022-03-26T16:02:02.003Z"}
{"level":"error","message":"{\"status\":500,\"message\":\"Cannot populate path `classmodels.teacherId` because it is not in your schema. Set the `strictPopulate` option to false to override.\"}","service":"smoke-signal-service","time":"2022-03-26T16:02:51.320Z"}
{"level":"error","message":"{\"status\":500,\"message\":\"Cannot read properties of undefined (reading '_id')\"}","service":"smoke-signal-service","time":"2022-03-26T16:03:13.575Z"}
{"level":"error","message":"{\"status\":500,\"message\":\"Cannot populate path `classmodels.teacherId` because it is not in your schema. Set the `strictPopulate` option to false to override.\"}","service":"smoke-signal-service","time":"2022-03-26T16:03:32.347Z"}
{"level":"error","message":"{\"code\":\"ERR_HTTP_HEADERS_SENT\"}","service":"smoke-signal-service","time":"2022-03-26T16:04:10.176Z"}
{"level":"error","message":"{\"status\":404,\"message\":\"Route Not Found\"}","service":"smoke-signal-service","time":"2022-03-26T16:04:33.010Z"}
{"level":"error","message":"{\"status\":404,\"message\":\"Route Not Found\"}","service":"smoke-signal-service","time":"2022-03-26T16:04:43.872Z"}
{"level":"error","message":"{\"status\":500,\"message\":\"Cannot read properties of undefined (reading '_id')\"}","service":"smoke-signal-service","time":"2022-03-26T16:05:33.802Z"}
{"level":"error","message":"{\"status\":404,\"message\":\"Route Not Found\"}","service":"smoke-signal-service","time":"2022-03-26T16:05:56.081Z"}
{"level":"error","message":"{\"status\":500,\"message\":\"Cannot populate path `classmodels.teacherId` because it is not in your schema. Set the `strictPopulate` option to false to override.\"}","service":"smoke-signal-service","time":"2022-03-26T16:06:24.150Z"}
{"level":"error","message":"{\"status\":500,\"message\":\"Cannot populate path `classmodels.teacherId` because it is not in your schema. Set the `strictPopulate` option to false to override.\"}","service":"smoke-signal-service","time":"2022-03-26T16:06:34.632Z"}
{"level":"error","message":"{\"status\":500,\"message\":\"Cannot populate path `classmodels.teacherId` because it is not in your schema. Set the `strictPopulate` option to false to override.\"}","service":"smoke-signal-service","time":"2022-03-26T16:06:55.740Z"}
{"level":"error","message":"{\"status\":404,\"message\":\"Route Not Found\"}","service":"smoke-signal-service","time":"2022-03-26T16:07:51.822Z"}
{"level":"error","message":"{\"status\":404,\"message\":\"Route Not Found\"}","service":"smoke-signal-service","time":"2022-03-26T16:08:24.372Z"}
{"level":"error","message":"{\"status\":404,\"message\":\"Route Not Found\"}","service":"smoke-signal-service","time":"2022-03-26T16:09:12.345Z"}
{"level":"error","message":"{\"status\":500,\"message\":\"No Result Found\"}","service":"smoke-signal-service","time":"2022-03-26T16:10:29.372Z"}
{"level":"error","message":"{\"status\":404,\"message\":\"Route Not Found\"}","service":"smoke-signal-service","time":"2022-03-26T16:10:45.272Z"}
{"level":"error","message":"{\"status\":404,\"message\":\"Route Not Found\"}","service":"smoke-signal-service","time":"2022-03-26T16:12:28.549Z"}
{"level":"error","message":"{\"status\":404,\"message\":\"Route Not Found\"}","service":"smoke-signal-service","time":"2022-03-26T16:12:28.549Z"}
{"level":"error","message":"{\"status\":404,\"message\":\"Route Not Found\"}","service":"smoke-signal-service","time":"2022-03-26T16:12:28.549Z"}
{"level":"error","message":"{\"status\":404,\"message\":\"Route Not Found\"}","service":"smoke-signal-service","time":"2022-03-26T16:12:49.417Z"}
{"level":"error","message":"{\"status\":404,\"message\":\"Route Not Found\"}","service":"smoke-signal-service","time":"2022-03-26T16:12:49.417Z"}
{"level":"error","message":"{\"status\":404,\"message\":\"Route Not Found\"}","service":"smoke-signal-service","time":"2022-03-26T16:13:18.067Z"}
{"level":"error","message":"{\"status\":404,\"message\":\"Route Not Found\"}","service":"smoke-signal-service","time":"2022-03-26T16:13:38.049Z"}
{"level":"error","message":"{\"status\":404,\"message\":\"Route Not Found\"}","service":"smoke-signal-service","time":"2022-03-26T16:13:46.794Z"}
{"level":"error","message":"{\"status\":404,\"message\":\"Route Not Found\"}","service":"smoke-signal-service","time":"2022-03-26T16:13:57.050Z"}
{"level":"error","message":"{\"status\":404,\"message\":\"Route Not Found\"}","service":"smoke-signal-service","time":"2022-03-26T16:13:57.050Z"}
{"level":"error","message":"{\"status\":404,\"message\":\"Route Not Found\"}","service":"smoke-signal-service","time":"2022-03-26T16:14:11.198Z"}
{"level":"error","message":"{\"status\":404,\"message\":\"Route Not Found\"}","service":"smoke-signal-service","time":"2022-03-26T16:14:25.789Z"}
{"level":"error","message":"{\"status\":404,\"message\":\"Route Not Found\"}","service":"smoke-signal-service","time":"2022-03-26T16:14:25.789Z"}
{"level":"error","message":"{\"status\":404,\"message\":\"Route Not Found\"}","service":"smoke-signal-service","time":"2022-03-26T16:14:25.789Z"}
{"level":"error","message":"{\"status\":404,\"message\":\"Route Not Found\"}","service":"smoke-signal-service","time":"2022-03-26T16:15:32.293Z"}
{"level":"error","message":"{\"status\":404,\"message\":\"Route Not Found\"}","service":"smoke-signal-service","time":"2022-03-26T16:15:32.293Z"}
{"level":"error","message":"{\"status\":500,\"message\":\"res.status is not a function\"}","service":"smoke-signal-service","time":"2022-03-26T16:22:19.407Z"}
{"level":"error","message":"{\"status\":500,\"message\":\"res.status is not a function\"}","service":"smoke-signal-service","time":"2022-03-26T16:23:13.926Z"}
{"level":"error","message":"{\"status\":404,\"message\":\"Route Not Found\"}","service":"smoke-signal-service","time":"2022-04-07T06:08:11.723Z"}
{"level":"error","message":"{\"status\":500,\"message\":\"User is not defined\"}","service":"smoke-signal-service","time":"2022-04-07T07:10:54.369Z"}
{"level":"error","message":"{\"status\":500,\"message\":\"User is not defined\"}","service":"smoke-signal-service","time":"2022-04-07T07:10:54.369Z"}
{"level":"error","message":"{\"status\":500,\"message\":\"Cast to ObjectId failed for value \\\"undefined\\\" (type string) at path \\\"_id\\\" for model \\\"ClassModel\\\"\"}","service":"smoke-signal-service","time":"2022-04-10T14:15:01.006Z"}
{"level":"error","message":"{\"status\":500,\"message\":\"Cast to ObjectId failed for value \\\"sPNUXG\\\" (type string) at path \\\"_id\\\" for model \\\"ClassModel\\\"\"}","service":"smoke-signal-service","time":"2022-04-10T14:15:01.006Z"}
{"level":"error","message":"{\"expose\":true,\"statusCode\":400,\"status\":400,\"body\":\"{\\n    \\\"classId\\\": \\\"624e7ff0601b67f585774567\\\",\\n    \\\"examName\\\": \\\"Class Test\\\",\\n    \\\"examDate\\\": \\\"2022-04-15\\\",\\n    \\\"examTime\\\": \\\"10:30 PM\\\",\\n    \\\"questions\\\":[\\n        {\\n            \\\"title\\\":\\\"Which of the following is not a product of Microsoft?\\\",\\n            \\\"options\\\":[\\n                {\\n                    \\\"option\\\":\\\"Ubuntu\\\"\\n                },\\n                {\\n                    \\\"option\\\":\\\"XP\\\"\\n                },\\n                {\\n                    \\\"option\\\":\\\"Vista\\\"\\n                },\\n                {\\n                    \\\"option\\\":\\\"ME\\\"\\n                }\\n            ],\\n            \\\"answer\\\":\\\"A\\\"\\n        },\\n        {\\n            \\\"title\\\":\\\"What is an Operating System?\\\",\\n            \\\"options\\\":[\\n                {\\n                    \\\"option\\\":\\\"It is an interface between the user and the hardware.\\\"\\n                },\\n                {\\n                    \\\"option\\\":\\\"It is the first software that runs when the computer boots up.\\\"\\n                },\\n                {\\n                    \\\"option\\\":\\\"It provides a platform for the user to run applications.\\\"\\n                },\\n                {\\n                    \\\"option\\\":\\\"All of the above.\\\"\\n                }\\n            ],\\n            \\\"answer\\\":\\\"D\\\"\\n        }\\n        {\\n            \\\"title\\\":\\\"Which of the following is an example of Single Programming Operating System?\\\",\\n            \\\"options\\\":[\\n                {\\n                    \\\"option\\\":\\\"MS-DOS\\\"\\n                },\\n                {\\n                    \\\"option\\\":\\\"Unix\\\"\\n                },\\n                {\\n                    \\\"option\\\":\\\"Windows\\\"\\n                },\\n                {\\n                    \\\"option\\\":\\\"Linux\\\"\\n                }\\n            ],\\n            \\\"answer\\\":\\\"B\\\"\\n        }\\n    ]\\n    \\n}\\n\",\"type\":\"entity.parse.failed\"}","service":"smoke-signal-service","time":"2022-04-11T10:18:58.979Z"}
{"level":"error","message":"{\"expose\":true,\"statusCode\":400,\"status\":400,\"body\":\"{\\n    \\\"classId\\\": \\\"624e7ff0601b67f585774567\\\",\\n    \\\"examName\\\": \\\"Class Test\\\",\\n    \\\"examDate\\\": \\\"2022-04-15\\\",\\n    \\\"examTime\\\": \\\"10:30 PM\\\",\\n    \\\"questions\\\":[\\n        {\\n            \\\"title\\\":\\\"Which of the following is not a product of Microsoft?\\\",\\n            \\\"options\\\":[\\n                {\\n                    \\\"option\\\":\\\"Ubuntu\\\"\\n                },\\n                {\\n                    \\\"option\\\":\\\"XP\\\"\\n                },\\n                {\\n                    \\\"option\\\":\\\"Vista\\\"\\n                },\\n                {\\n                    \\\"option\\\":\\\"ME\\\"\\n                }\\n            ],\\n            \\\"answer\\\":\\\"A\\\"\\n        },\\n        {\\n            \\\"title\\\":\\\"What is an Operating System?\\\",\\n            \\\"options\\\":[\\n                {\\n                    \\\"option\\\":\\\"It is an interface between the user and the hardware.\\\"\\n                },\\n                {\\n                    \\\"option\\\":\\\"It is the first software that runs when the computer boots up.\\\"\\n                },\\n                {\\n                    \\\"option\\\":\\\"It provides a platform for the user to run applications.\\\"\\n                },\\n                {\\n                    \\\"option\\\":\\\"All of the above.\\\"\\n                }\\n            ],\\n            \\\"answer\\\":\\\"D\\\"\\n        }\\n        {\\n            \\\"title\\\":\\\"Which of the following is an example of Single Programming Operating System?\\\",\\n            \\\"options\\\":[\\n                {\\n                    \\\"option\\\":\\\"MS-DOS\\\"\\n                },\\n                {\\n                    \\\"option\\\":\\\"Unix\\\"\\n                },\\n                {\\n                    \\\"option\\\":\\\"Windows\\\"\\n                },\\n                {\\n                    \\\"option\\\":\\\"Linux\\\"\\n                }\\n            ],\\n            \\\"answer\\\":\\\"B\\\"\\n        }\\n    ]\\n    \\n}\\n\",\"type\":\"entity.parse.failed\"}","service":"smoke-signal-service","time":"2022-04-11T10:28:45.938Z"}
{"level":"error","message":"{\"expose\":true,\"statusCode\":400,\"status\":400,\"body\":\"{\\n    \\\"classId\\\": \\\"624e7ff0601b67f585774567\\\",\\n    \\\"examName\\\": \\\"Class Test\\\",\\n    \\\"examDate\\\": \\\"2022-04-15\\\",\\n    \\\"examTime\\\": \\\"10:30 PM\\\",\\n    \\\"perQuestionMark\\\":1,\\n    \\\"questions\\\":[\\n        {\\n            \\\"title\\\":\\\"Which of the following is not a product of Microsoft?\\\",\\n            \\\"options\\\":[\\n                {\\n                    \\\"option\\\":\\\"Ubuntu\\\"\\n                },\\n                {\\n                    \\\"option\\\":\\\"XP\\\"\\n                },\\n                {\\n                    \\\"option\\\":\\\"Vista\\\"\\n                },\\n                {\\n                    \\\"option\\\":\\\"ME\\\"\\n                }\\n            ],\\n            \\\"answer\\\":\\\"A\\\"\\n        },\\n        {\\n            \\\"title\\\":\\\"What is an Operating System?\\\",\\n            \\\"options\\\":[\\n                {\\n                    \\\"option\\\":\\\"It is an interface between the user and the hardware.\\\"\\n                },\\n                {\\n                    \\\"option\\\":\\\"It is the first software that runs when the computer boots up.\\\"\\n                },\\n                {\\n                    \\\"option\\\":\\\"It provides a platform for the user to run applications.\\\"\\n                },\\n                {\\n                    \\\"option\\\":\\\"All of the above.\\\"\\n                }\\n            ],\\n            \\\"answer\\\":\\\"D\\\"\\n        }\\n        {\\n            \\\"title\\\":\\\"Which of the following is an example of Single Programming Operating System?\\\",\\n            \\\"options\\\":[\\n                {\\n                    \\\"option\\\":\\\"MS-DOS\\\"\\n                },\\n                {\\n                    \\\"option\\\":\\\"Unix\\\"\\n                },\\n                {\\n                    \\\"option\\\":\\\"Windows\\\"\\n                },\\n                {\\n                    \\\"option\\\":\\\"Linux\\\"\\n                }\\n            ],\\n            \\\"answer\\\":\\\"B\\\"\\n        }\\n    ]\\n    \\n}\\n\",\"type\":\"entity.parse.failed\"}","service":"smoke-signal-service","time":"2022-04-11T10:28:45.938Z"}
{"level":"error","message":"{\"status\":500,\"message\":\"Cast to ObjectId failed for value \\\"undefined\\\" (type string) at path \\\"classId\\\" for model \\\"Exam\\\"\"}","service":"smoke-signal-service","time":"2022-04-11T15:44:19.012Z"}
{"level":"error","message":"{\"status\":500,\"message\":\"Cast to ObjectId failed for value \\\"undefined\\\" (type string) at path \\\"classId\\\" for model \\\"Exam\\\"\"}","service":"smoke-signal-service","time":"2022-04-11T15:45:11.636Z"}
{"level":"error","message":"{\"status\":500,\"message\":\"Cast to ObjectId failed for value \\\"undefined\\\" (type string) at path \\\"classId\\\" for model \\\"Exam\\\"\"}","service":"smoke-signal-service","time":"2022-04-11T15:47:07.380Z"}
{"level":"error","message":"{\"status\":500,\"message\":\"Cast to ObjectId failed for value \\\"undefined\\\" (type string) at path \\\"classId\\\" for model \\\"Exam\\\"\"}","service":"smoke-signal-service","time":"2022-04-11T15:47:07.380Z"}
{"level":"error","message":"{\"status\":500,\"message\":\"Cast to ObjectId failed for value \\\"undefined\\\" (type string) at path \\\"classId\\\" for model \\\"Exam\\\"\"}","service":"smoke-signal-service","time":"2022-04-11T15:47:30.829Z"}
{"level":"error","message":"{\"status\":500,\"message\":\"Cast to ObjectId failed for value \\\"undefined\\\" (type string) at path \\\"classId\\\" for model \\\"Exam\\\"\"}","service":"smoke-signal-service","time":"2022-04-11T15:47:30.829Z"}
{"level":"error","message":"{\"status\":500,\"message\":\"Cast to ObjectId failed for value \\\"undefined\\\" (type string) at path \\\"classId\\\" for model \\\"Exam\\\"\"}","service":"smoke-signal-service","time":"2022-04-11T15:47:57.017Z"}
{"level":"error","message":"{\"status\":500,\"message\":\"Cast to ObjectId failed for value \\\"undefined\\\" (type string) at path \\\"classId\\\" for model \\\"Exam\\\"\"}","service":"smoke-signal-service","time":"2022-04-11T15:47:57.017Z"}
{"level":"error","message":"{\"status\":500,\"message\":\"Cast to ObjectId failed for value \\\"undefined\\\" (type string) at path \\\"classId\\\" for model \\\"Exam\\\"\"}","service":"smoke-signal-service","time":"2022-04-11T15:48:13.431Z"}
{"level":"error","message":"{\"status\":500,\"message\":\"Cast to ObjectId failed for value \\\"undefined\\\" (type string) at path \\\"classId\\\" for model \\\"Exam\\\"\"}","service":"smoke-signal-service","time":"2022-04-11T15:48:13.431Z"}
{"level":"error","message":"{\"status\":500,\"message\":\"Cast to ObjectId failed for value \\\"undefined\\\" (type string) at path \\\"classId\\\" for model \\\"Exam\\\"\"}","service":"smoke-signal-service","time":"2022-04-11T15:48:31.026Z"}
{"level":"error","message":"{\"status\":500,\"message\":\"Cast to ObjectId failed for value \\\"undefined\\\" (type string) at path \\\"classId\\\" for model \\\"Exam\\\"\"}","service":"smoke-signal-service","time":"2022-04-11T15:49:00.302Z"}
{"level":"error","message":"{\"status\":500,\"message\":\"Cast to ObjectId failed for value \\\"undefined\\\" (type string) at path \\\"classId\\\" for model \\\"Exam\\\"\"}","service":"smoke-signal-service","time":"2022-04-11T15:49:00.302Z"}
{"level":"error","message":"{\"status\":500,\"message\":\"Cast to ObjectId failed for value \\\"undefined\\\" (type string) at path \\\"classId\\\" for model \\\"Exam\\\"\"}","service":"smoke-signal-service","time":"2022-04-11T15:50:15.752Z"}
{"level":"error","message":"{\"status\":500,\"message\":\"Cast to ObjectId failed for value \\\"undefined\\\" (type string) at path \\\"classId\\\" for model \\\"Exam\\\"\"}","service":"smoke-signal-service","time":"2022-04-11T15:50:15.752Z"}
{"level":"error","message":"{\"status\":500,\"message\":\"Cast to ObjectId failed for value \\\"undefined\\\" (type string) at path \\\"classId\\\" for model \\\"Exam\\\"\"}","service":"smoke-signal-service","time":"2022-04-11T15:51:19.899Z"}
{"level":"error","message":"{\"status\":500,\"message\":\"Cast to ObjectId failed for value \\\"undefined\\\" (type string) at path \\\"classId\\\" for model \\\"Exam\\\"\"}","service":"smoke-signal-service","time":"2022-04-11T15:52:01.910Z"}
{"level":"error","message":"{\"status\":500,\"message\":\"Cast to ObjectId failed for value \\\"undefined\\\" (type string) at path \\\"classId\\\" for model \\\"Exam\\\"\"}","service":"smoke-signal-service","time":"2022-04-11T15:52:33.067Z"}
<<<<<<< HEAD
{"level":"error","message":"{\"status\":500,\"message\":\"Exam validation failed: perQuestionMark: Cast to Number failed for value \\\"asda\\\" (type string) at path \\\"perQuestionMark\\\"\"}","service":"smoke-signal-service","time":"2022-05-25T17:16:28.099Z"}
{"level":"error","message":"{\"status\":500,\"message\":\"Exam validation failed: perQuestionMark: Cast to Number failed for value \\\"asda\\\" (type string) at path \\\"perQuestionMark\\\"\"}","service":"smoke-signal-service","time":"2022-05-25T17:16:28.099Z"}
{"level":"error","message":"{\"status\":404,\"message\":\"Route Not Found\"}","service":"smoke-signal-service","time":"2022-05-26T07:03:31.697Z"}
{"level":"error","message":"{\"status\":404,\"message\":\"Route Not Found\"}","service":"smoke-signal-service","time":"2022-05-26T07:07:22.497Z"}
{"level":"error","message":"{\"status\":404,\"message\":\"Route Not Found\"}","service":"smoke-signal-service","time":"2022-05-26T07:07:22.497Z"}
{"level":"error","message":"{\"status\":404,\"message\":\"Route Not Found\"}","service":"smoke-signal-service","time":"2022-05-26T07:07:22.497Z"}
{"level":"error","message":"{\"status\":500,\"message\":\"Cannot read properties of undefined (reading '_id')\"}","service":"smoke-signal-service","time":"2022-05-26T07:18:04.831Z"}
{"level":"error","message":"{\"status\":500,\"message\":\"Cannot read properties of undefined (reading '_id')\"}","service":"smoke-signal-service","time":"2022-05-26T07:18:04.831Z"}
{"level":"error","message":"{\"status\":500,\"message\":\"req is not defined\"}","service":"smoke-signal-service","time":"2022-05-26T07:20:24.352Z"}
{"level":"error","message":"{\"status\":500,\"message\":\"Cannot read properties of undefined (reading 'push')\"}","service":"smoke-signal-service","time":"2022-05-26T07:21:43.361Z"}
{"level":"error","message":"{\"status\":500,\"message\":\"Cannot read properties of undefined (reading 'push')\"}","service":"smoke-signal-service","time":"2022-05-26T07:25:05.732Z"}
{"level":"error","message":"{\"status\":500,\"message\":\"Cannot read properties of undefined (reading 'push')\"}","service":"smoke-signal-service","time":"2022-05-26T07:25:46.053Z"}
{"level":"error","message":"{\"status\":500,\"message\":\"Cannot read properties of undefined (reading '_id')\"}","service":"smoke-signal-service","time":"2022-05-26T07:54:00.150Z"}
{"level":"error","message":"{\"status\":500,\"message\":\"Cannot populate path `students.studentId` because it is not in your schema. Set the `strictPopulate` option to false to override.\"}","service":"smoke-signal-service","time":"2022-05-26T09:59:35.139Z"}
{"level":"error","message":"{\"status\":500,\"message\":\"Cannot read properties of undefined (reading 'length')\"}","service":"smoke-signal-service","time":"2022-05-26T10:00:54.630Z"}
{"level":"error","message":"{\"status\":500,\"message\":\"Cannot read properties of undefined (reading 'length')\"}","service":"smoke-signal-service","time":"2022-05-26T10:01:20.290Z"}
{"level":"error","message":"{\"status\":500,\"message\":\"Cannot read properties of undefined (reading 'length')\"}","service":"smoke-signal-service","time":"2022-05-26T10:01:33.026Z"}
=======
{"level":"error","message":"{\"status\":500,\"message\":\"Exam validation failed: perQuestionMark: Cast to Number failed for value \\\"aa\\\" (type string) at path \\\"perQuestionMark\\\"\"}","service":"smoke-signal-service","time":"2022-08-03T16:02:18.722Z"}
{"level":"error","message":"{\"status\":500,\"message\":\"Exam validation failed: perQuestionMark: Cast to Number failed for value \\\"aa\\\" (type string) at path \\\"perQuestionMark\\\"\"}","service":"smoke-signal-service","time":"2022-08-03T16:02:18.722Z"}
{"level":"error","message":"{\"status\":500,\"message\":\"Exam validation failed: perQuestionMark: Cast to Number failed for value \\\"aa\\\" (type string) at path \\\"perQuestionMark\\\"\"}","service":"smoke-signal-service","time":"2022-08-03T16:02:18.722Z"}
>>>>>>> origin/main
{"level":"error","message":"{\"status\":500,\"message\":\"teacherId is not defined\"}","service":"smoke-signal-service","time":"2022-08-08T11:20:22.133Z"}
{"level":"error","message":"{\"status\":500,\"message\":\"teacherId is not defined\"}","service":"smoke-signal-service","time":"2022-08-08T11:20:50.067Z"}
{"level":"error","message":"{\"status\":500,\"message\":\"teacherId is not defined\"}","service":"smoke-signal-service","time":"2022-08-08T11:21:08.885Z"}
{"level":"error","message":"{\"status\":500,\"message\":\"Cannot read properties of undefined (reading 'find')\"}","service":"smoke-signal-service","time":"2022-08-08T11:51:26.999Z"}
{"level":"error","message":"{\"status\":500,\"message\":\"Cannot read properties of undefined (reading 'length')\"}","service":"smoke-signal-service","time":"2022-08-08T11:53:05.214Z"}
{"level":"error","message":"{\"status\":500,\"message\":\"Cast to ObjectId failed for value \\\"hYp3xk\\\" (type string) at path \\\"_id\\\" for model \\\"Exam\\\"\"}","service":"smoke-signal-service","time":"2022-08-09T13:39:25.241Z"}
{"level":"error","message":"{\"status\":500,\"message\":\"Cast to ObjectId failed for value \\\"hYp3xk\\\" (type string) at path \\\"_id\\\" for model \\\"Exam\\\"\"}","service":"smoke-signal-service","time":"2022-08-09T13:39:25.241Z"}
{"level":"error","message":"{\"status\":500,\"message\":\"Cast to ObjectId failed for value \\\"hYp3xk\\\" (type string) at path \\\"_id\\\" for model \\\"Exam\\\"\"}","service":"smoke-signal-service","time":"2022-08-09T13:53:01.393Z"}
{"level":"error","message":"{\"status\":500,\"message\":\"Cast to ObjectId failed for value \\\"hYp3xk\\\" (type string) at path \\\"_id\\\" for model \\\"Exam\\\"\"}","service":"smoke-signal-service","time":"2022-08-09T13:53:01.393Z"}
{"level":"error","message":"{\"status\":500,\"message\":\"Cast to ObjectId failed for value \\\"hYp3xk\\\" (type string) at path \\\"_id\\\" for model \\\"Exam\\\"\"}","service":"smoke-signal-service","time":"2022-08-09T13:53:37.836Z"}
{"level":"error","message":"{\"status\":500,\"message\":\"Cannot read properties of undefined (reading '_id')\"}","service":"smoke-signal-service","time":"2022-08-09T13:56:43.307Z"}
{"level":"error","message":"{\"status\":500,\"message\":\"Cannot read properties of undefined (reading '_id')\"}","service":"smoke-signal-service","time":"2022-08-09T13:56:43.307Z"}
{"level":"error","message":"{\"status\":500,\"message\":\"Cannot read properties of null (reading '_id')\"}","service":"smoke-signal-service","time":"2022-08-09T13:59:50.283Z"}
{"level":"error","message":"{\"status\":500,\"message\":\"Cannot read properties of null (reading '_id')\"}","service":"smoke-signal-service","time":"2022-08-14T05:20:37.682Z"}
{"level":"error","message":"{\"status\":500,\"message\":\"Cannot read properties of null (reading '_id')\"}","service":"smoke-signal-service","time":"2022-08-14T05:21:21.912Z"}
{"level":"error","message":"{\"status\":500,\"message\":\"Cannot read properties of null (reading '_id')\"}","service":"smoke-signal-service","time":"2022-08-14T05:22:57.293Z"}
{"level":"error","message":"{\"status\":500,\"message\":\"Cannot read properties of null (reading '_id')\"}","service":"smoke-signal-service","time":"2022-08-14T05:23:14.234Z"}
{"level":"error","message":"{\"status\":500,\"message\":\"c.charCodeAt is not a function\"}","service":"smoke-signal-service","time":"2022-08-14T05:23:41.324Z"}
{"level":"error","message":"{\"status\":500,\"message\":{}}","service":"smoke-signal-service","time":"2022-08-22T14:51:28.741Z"}
{"level":"error","message":"{\"status\":500,\"message\":\"Cannot set properties of undefined (setting 'active')\"}","service":"smoke-signal-service","time":"2022-08-30T17:45:02.696Z"}
{"level":"error","message":"{\"status\":500,\"message\":\"getFormatDate is not defined\"}","service":"smoke-signal-service","time":"2022-08-30T18:09:20.461Z"}
{"level":"error","message":"{\"status\":500,\"message\":\"getFormatDate is not defined\"}","service":"smoke-signal-service","time":"2022-08-30T18:10:22.148Z"}
{"level":"error","message":"{\"status\":500,\"message\":\"Cast to date failed for value \\\"31-08-2022\\\" (type string) at path \\\"startExamDate\\\" for model \\\"Exam\\\"\"}","service":"smoke-signal-service","time":"2022-08-30T18:12:13.960Z"}
{"level":"error","message":"{\"status\":500,\"message\":\"Cast to date failed for value \\\"31-08-2022\\\" (type string) at path \\\"startExamDate\\\" for model \\\"Exam\\\"\"}","service":"smoke-signal-service","time":"2022-08-30T18:12:34.683Z"}
{"level":"error","message":"{\"status\":500,\"message\":\"Cast to date failed for value \\\"Invalid Date\\\" (type Date) at path \\\"startExamDate\\\" for model \\\"Exam\\\"\"}","service":"smoke-signal-service","time":"2022-08-30T18:14:01.256Z"}
{"level":"error","message":"{\"status\":500,\"message\":\"Cast to date failed for value \\\"31-08-2022\\\" (type string) at path \\\"startExamDate\\\" for model \\\"Exam\\\"\"}","service":"smoke-signal-service","time":"2022-08-30T18:18:38.969Z"}
{"level":"error","message":"{\"status\":500,\"message\":\"ISODate is not defined\"}","service":"smoke-signal-service","time":"2022-08-30T18:21:08.044Z"}
{"level":"error","message":"{\"status\":500,\"message\":\"Cast to date failed for value \\\"8/31/2022, 1\\\" (type string) at path \\\"startExamDate\\\" for model \\\"Exam\\\"\"}","service":"smoke-signal-service","time":"2022-08-30T18:22:38.841Z"}
{"level":"error","message":"{\"status\":500,\"message\":\"Cast to date failed for value \\\"8/31/2022, 1\\\" (type string) at path \\\"startExamDate\\\" for model \\\"Exam\\\"\"}","service":"smoke-signal-service","time":"2022-08-30T18:23:02.805Z"}
{"level":"error","message":"{\"status\":500,\"message\":\"No Result Found\"}","service":"smoke-signal-service","time":"2022-08-30T18:23:17.212Z"}
{"level":"error","message":"{\"status\":500,\"message\":\"No Result Found\"}","service":"smoke-signal-service","time":"2022-08-30T18:23:31.121Z"}
{"level":"error","message":"{\"status\":500,\"message\":\"No Result Found\"}","service":"smoke-signal-service","time":"2022-08-30T18:23:38.833Z"}
{"level":"error","message":"{\"status\":500,\"message\":\"No Result Found\"}","service":"smoke-signal-service","time":"2022-08-30T18:23:45.956Z"}
{"level":"error","message":"{\"status\":500,\"message\":\"No Result Found\"}","service":"smoke-signal-service","time":"2022-08-30T18:23:58.323Z"}
{"level":"error","message":"{\"status\":500,\"message\":{}}","service":"smoke-signal-service","time":"2022-09-06T12:04:13.058Z"}
{"level":"error","message":"{\"status\":500,\"message\":{}}","service":"smoke-signal-service","time":"2022-09-06T12:04:13.058Z"}
{"level":"error","message":"{\"status\":500,\"message\":{}}","service":"smoke-signal-service","time":"2022-09-06T12:04:13.058Z"}
{"level":"error","message":"{\"status\":500,\"message\":{}}","service":"smoke-signal-service","time":"2022-09-06T12:11:59.379Z"}
{"level":"error","message":"{\"status\":500,\"message\":\"time.getMinutes is not a function\"}","service":"smoke-signal-service","time":"2022-09-06T14:40:05.475Z"}
{"level":"error","message":"{\"status\":500,\"message\":\"(intermediate value).split is not a function\"}","service":"smoke-signal-service","time":"2022-09-06T14:41:28.527Z"}
{"level":"error","message":"{\"status\":500,\"message\":\"Cannot read properties of undefined (reading 'split')\"}","service":"smoke-signal-service","time":"2022-09-06T14:41:49.309Z"}
{"level":"error","message":"{\"status\":500,\"message\":\"timer.getMinutes is not a function\"}","service":"smoke-signal-service","time":"2022-09-06T14:43:36.880Z"}
{"level":"error","message":"{\"status\":500,\"message\":\"Exam validation failed: startExamTime: Cast to date failed for value \\\"23:59\\\" (type string) at path \\\"startExamTime\\\"\"}","service":"smoke-signal-service","time":"2022-09-06T14:56:01.474Z"}
{"level":"error","message":"{\"status\":500,\"message\":\"Exam validation failed: perQuestionMark: Cast to Number failed for value \\\"ad\\\" (type string) at path \\\"perQuestionMark\\\"\"}","service":"smoke-signal-service","time":"2022-09-06T15:14:53.061Z"}
{"level":"error","message":"{\"status\":500,\"message\":\"Cast to date failed for value \\\"21:21\\\" (type string) at path \\\"startExamTime\\\" for model \\\"Exam\\\"\"}","service":"smoke-signal-service","time":"2022-09-06T15:21:41.994Z"}
{"level":"error","message":"{\"status\":500,\"message\":\"Cast to date failed for value \\\"21:23\\\" (type string) at path \\\"startExamTime\\\" for model \\\"Exam\\\"\"}","service":"smoke-signal-service","time":"2022-09-06T15:23:14.308Z"}
{"level":"error","message":"{\"status\":500,\"message\":\"Can't use $lgte with Date.\"}","service":"smoke-signal-service","time":"2022-09-06T15:50:02.260Z"}
{"level":"error","message":"{\"status\":500,\"message\":\"Cast to ObjectId failed for value \\\"pFTAWd\\\" (type string) at path \\\"_id\\\" for model \\\"Exam\\\"\"}","service":"smoke-signal-service","time":"2022-09-09T17:10:01.245Z"}
{"level":"error","message":"{\"status\":500,\"message\":\"Cast to ObjectId failed for value \\\"pFTAWd\\\" (type string) at path \\\"_id\\\" for model \\\"Exam\\\"\"}","service":"smoke-signal-service","time":"2022-09-09T17:10:01.245Z"}
{"level":"error","message":"{\"status\":500,\"message\":\"Cast to ObjectId failed for value \\\"pFTAWd\\\" (type string) at path \\\"_id\\\" for model \\\"Exam\\\"\"}","service":"smoke-signal-service","time":"2022-09-09T17:12:09.578Z"}
{"level":"error","message":"{\"status\":500,\"message\":\"Cast to ObjectId failed for value \\\"pFTAWd\\\" (type string) at path \\\"_id\\\" for model \\\"Exam\\\"\"}","service":"smoke-signal-service","time":"2022-09-09T17:12:27.483Z"}
{"level":"error","message":"{\"status\":500,\"message\":\"Cast to ObjectId failed for value \\\"pFTAWd\\\" (type string) at path \\\"_id\\\" for model \\\"Exam\\\"\"}","service":"smoke-signal-service","time":"2022-09-09T17:12:42.097Z"}
{"level":"error","message":"{\"status\":500,\"message\":\"Cast to ObjectId failed for value \\\"mSe8NJ\\\" (type string) at path \\\"classId\\\" for model \\\"Exam\\\"\"}","service":"smoke-signal-service","time":"2022-09-09T17:14:30.889Z"}
{"level":"error","message":"{\"status\":500,\"message\":\"Cast to ObjectId failed for value \\\"mSe8NJ\\\" (type string) at path \\\"classId\\\" for model \\\"Exam\\\"\"}","service":"smoke-signal-service","time":"2022-09-09T17:14:30.889Z"}
{"level":"error","message":"{\"status\":500,\"message\":\"Cannot populate path `students.studentId.teacherId` because it is not in your schema. Set the `strictPopulate` option to false to override.\"}","service":"smoke-signal-service","time":"2022-09-09T17:15:51.450Z"}
{"level":"error","message":"{\"status\":404,\"message\":\"Route Not Found\"}","service":"smoke-signal-service","time":"2022-09-12T14:14:55.496Z"}
{"level":"error","message":"{\"status\":500,\"message\":\"uploadFile is not a function\"}","service":"smoke-signal-service","time":"2022-09-12T14:14:55.496Z"}
{"level":"error","message":"{\"status\":500,\"message\":\"upload is not a function\"}","service":"smoke-signal-service","time":"2022-09-12T14:16:25.266Z"}
{"level":"error","message":"{\"status\":404,\"message\":\"Route Not Found\"}","service":"smoke-signal-service","time":"2022-09-12T14:33:12.602Z"}
{"level":"error","message":"{\"status\":500,\"message\":\"Converting circular structure to JSON\\n    --> starting at object with constructor 'Socket'\\n    |     property 'parser' -> object with constructor 'HTTPParser'\\n    --- property 'socket' closes the circle\"}","service":"smoke-signal-service","time":"2022-09-12T14:41:04.802Z"}
{"level":"error","message":"{\"status\":500,\"message\":\"Converting circular structure to JSON\\n    --> starting at object with constructor 'Socket'\\n    |     property 'parser' -> object with constructor 'HTTPParser'\\n    --- property 'socket' closes the circle\"}","service":"smoke-signal-service","time":"2022-09-12T14:41:04.802Z"}
{"level":"error","message":"{\"status\":500,\"message\":\"req.file.filename is not a function\"}","service":"smoke-signal-service","time":"2022-09-12T14:41:37.672Z"}
{"level":"error","message":"{\"status\":500,\"message\":\"Cannot read properties of undefined (reading 'filename')\"}","service":"smoke-signal-service","time":"2022-09-12T15:25:21.914Z"}
{"level":"error","message":"{\"status\":500,\"message\":\"Cannot read properties of undefined (reading 'filename')\"}","service":"smoke-signal-service","time":"2022-09-12T16:27:00.369Z"}
{"level":"error","message":"{\"status\":500,\"message\":\"Cannot read properties of undefined (reading 'path')\"}","service":"smoke-signal-service","time":"2022-09-12T16:30:55.423Z"}
{"level":"error","message":"{\"status\":500,\"message\":\"Cannot read properties of undefined (reading 'path')\"}","service":"smoke-signal-service","time":"2022-09-12T16:31:40.112Z"}
{"level":"error","message":"{\"status\":500,\"message\":\"Cannot read properties of undefined (reading 'path')\"}","service":"smoke-signal-service","time":"2022-09-12T16:32:46.857Z"}
{"level":"error","message":"{\"status\":404,\"message\":\"Route Not Found\"}","service":"smoke-signal-service","time":"2022-09-12T16:57:03.398Z"}
{"level":"error","message":"{\"status\":404,\"message\":\"Route Not Found\"}","service":"smoke-signal-service","time":"2022-09-12T16:57:03.398Z"}
{"level":"error","message":"{\"status\":404,\"message\":\"Route Not Found\"}","service":"smoke-signal-service","time":"2022-09-12T16:57:03.398Z"}
{"level":"error","message":"{\"status\":404,\"message\":\"Route Not Found\"}","service":"smoke-signal-service","time":"2022-09-12T16:58:08.018Z"}
{"level":"error","message":"{\"status\":404,\"message\":\"Route Not Found\"}","service":"smoke-signal-service","time":"2022-09-12T16:58:08.018Z"}
{"level":"error","message":"{\"status\":404,\"message\":\"Route Not Found\"}","service":"smoke-signal-service","time":"2022-09-12T16:58:08.018Z"}
{"level":"error","message":"{\"status\":404,\"message\":\"Route Not Found\"}","service":"smoke-signal-service","time":"2022-09-12T16:58:08.018Z"}
{"level":"error","message":"{\"errno\":-2,\"code\":\"ENOENT\",\"syscall\":\"open\",\"path\":\"files/1663002017073.jpeg\",\"storageErrors\":[]}","service":"smoke-signal-service","time":"2022-09-12T17:00:00.064Z"}
{"level":"error","message":"{\"errno\":-2,\"code\":\"ENOENT\",\"syscall\":\"open\",\"path\":\"files/1663002082054.jpeg\",\"storageErrors\":[]}","service":"smoke-signal-service","time":"2022-09-12T17:00:00.064Z"}
{"level":"error","message":"{\"status\":404,\"message\":\"Route Not Found\"}","service":"smoke-signal-service","time":"2022-09-12T17:00:00.064Z"}
{"level":"error","message":"{\"status\":404,\"message\":\"Route Not Found\"}","service":"smoke-signal-service","time":"2022-09-12T17:00:00.064Z"}
{"level":"error","message":"{\"status\":404,\"message\":\"Route Not Found\"}","service":"smoke-signal-service","time":"2022-09-12T17:00:00.064Z"}
{"level":"error","message":"{\"status\":404,\"message\":\"Route Not Found\"}","service":"smoke-signal-service","time":"2022-09-12T17:00:00.064Z"}
{"level":"error","message":"{\"status\":404,\"message\":\"Route Not Found\"}","service":"smoke-signal-service","time":"2022-09-12T17:05:53.332Z"}
{"level":"error","message":"{\"status\":404,\"message\":\"Route Not Found\"}","service":"smoke-signal-service","time":"2022-09-12T17:05:53.332Z"}
{"level":"error","message":"{\"status\":404,\"message\":\"Route Not Found\"}","service":"smoke-signal-service","time":"2022-09-12T17:05:53.332Z"}
{"level":"error","message":"{\"status\":500,\"message\":\"Cannot read properties of undefined (reading 'originalname')\"}","service":"smoke-signal-service","time":"2022-09-12T17:34:43.745Z"}
{"level":"error","message":"{\"status\":500,\"message\":\"The request signature we calculated does not match the signature you provided. Check your key and signing method.\"}","service":"smoke-signal-service","time":"2022-09-12T17:40:58.555Z"}
{"level":"error","message":"{\"status\":500,\"message\":\"The request signature we calculated does not match the signature you provided. Check your key and signing method.\"}","service":"smoke-signal-service","time":"2022-09-12T17:41:42.189Z"}
{"level":"error","message":"{\"status\":500,\"message\":\"The request signature we calculated does not match the signature you provided. Check your key and signing method.\"}","service":"smoke-signal-service","time":"2022-09-12T17:42:25.657Z"}
{"level":"error","message":"{\"status\":500,\"message\":\"utils.populate: invalid path. Expected string. Got typeof `object`\"}","service":"smoke-signal-service","time":"2022-09-12T18:09:22.198Z"}
{"level":"error","message":"{\"status\":500,\"message\":\"Cannot read properties of undefined (reading 'reverse')\"}","service":"smoke-signal-service","time":"2022-09-12T18:10:55.875Z"}
{"level":"error","message":"{\"status\":500,\"message\":\"Cannot read properties of undefined (reading 'reverse')\"}","service":"smoke-signal-service","time":"2022-09-12T18:10:55.875Z"}
{"level":"error","message":"{\"status\":500,\"message\":\"Cannot read properties of undefined (reading 'reverse')\"}","service":"smoke-signal-service","time":"2022-09-12T18:10:55.875Z"}
{"level":"error","message":"{\"status\":500,\"message\":\"Cannot read properties of undefined (reading 'map')\"}","service":"smoke-signal-service","time":"2022-09-12T18:11:49.859Z"}
